1610891103934	geckodriver	INFO	Listening on 127.0.0.1:32939
1610891103943	mozrunner::runner	INFO	Running command: "/usr/bin/firefox" "--marionette" "-foreground" "-no-remote" "-profile" "/tmp/rust_mozprofilezfLPx3"
console.warn: SearchSettings: "get: No settings file exists, new profile?" (new Error("", "(unknown module)"))
1610891111552	Marionette	INFO	Listening on port 39541
1610891111653	Marionette	WARN	TLS certificate errors will be ignored for this session
1610891119269	Marionette	INFO	Stopped listening on port 39541
JavaScript error: resource://activity-stream/lib/ASRouter.jsm, line 987: NS_ERROR_ILLEGAL_VALUE: Component returned failure code: 0x80070057 (NS_ERROR_ILLEGAL_VALUE) [nsIObserverService.removeObserver]
JavaScript error: , line 0: uncaught exception: undefined
1610891121075	geckodriver	INFO	Listening on 127.0.0.1:33527
1610891121082	mozrunner::runner	INFO	Running command: "/usr/bin/firefox" "--marionette" "-foreground" "-no-remote" "-profile" "/tmp/rust_mozprofileGr6zwQ"
console.warn: SearchSettings: "get: No settings file exists, new profile?" (new Error("", "(unknown module)"))
1610891128815	Marionette	INFO	Listening on port 36911
1610891128958	Marionette	WARN	TLS certificate errors will be ignored for this session
1610891143496	Marionette	INFO	Stopped listening on port 36911
JavaScript error: resource://activity-stream/lib/ASRouter.jsm, line 987: NS_ERROR_ILLEGAL_VALUE: Component returned failure code: 0x80070057 (NS_ERROR_ILLEGAL_VALUE) [nsIObserverService.removeObserver]
JavaScript error: , line 0: uncaught exception: undefined

###!!! [Child][RunMessage] Error: Channel closing: too late to send/recv, messages will be lost


###!!! [Parent][RunMessage] Error: Channel closing: too late to send/recv, messages will be lost

1612274943627	geckodriver	INFO	Listening on 127.0.0.1:45389
1612274943661	mozrunner::runner	INFO	Running command: "/usr/bin/firefox" "--marionette" "-foreground" "-no-remote" "-profile" "/tmp/rust_mozprofileQKBhVW"
console.warn: SearchSettings: "get: No settings file exists, new profile?" (new Error("", "(unknown module)"))
1612274962870	Marionette	INFO	Listening on port 37487
1612274963196	Marionette	WARN	TLS certificate errors will be ignored for this session
JavaScript error: , line 0: uncaught exception: undefined
JavaScript error: http://demo.guru99.com/V4/index.php, line 1: SyntaxError: missing ) after argument list
1612274979349	Marionette	WARN	Ignoring event 'DOMContentLoaded' because document has an invalid readyState of 'complete'.
JavaScript error: http://demo.guru99.com/V4/manager/EditCustomer.php, line 1: TypeError: document.fbal.txtaccno is undefined
JavaScript error: http://demo.guru99.com/V4/manager/EditCustomer.php, line 1: ReferenceError: validatebal is not defined
JavaScript error: http://demo.guru99.com/V4/manager/editCustomerPage.php, line 1: ReferenceError: validate is not defined
JavaScript error: http://demo.guru99.com/V4/manager/EditCustomer.php, line 1: TypeError: document.fbal.txtaccno is undefined
1612275007525	Marionette	INFO	Stopped listening on port 37487
1612275104751	geckodriver	INFO	Listening on 127.0.0.1:43825
1612275104765	mozrunner::runner	INFO	Running command: "/usr/bin/firefox" "--marionette" "-foreground" "-no-remote" "-profile" "/tmp/rust_mozprofileMAk54G"
console.warn: SearchSettings: "get: No settings file exists, new profile?" (new Error("", "(unknown module)"))
1612275111380	Marionette	INFO	Listening on port 34243
1612275111494	Marionette	WARN	TLS certificate errors will be ignored for this session
JavaScript error: http://demo.guru99.com/V4/index.php, line 1: SyntaxError: missing ) after argument list
1612275116591	Marionette	WARN	Ignoring event 'DOMContentLoaded' because document has an invalid readyState of 'complete'.
JavaScript error: http://demo.guru99.com/V4/manager/EditCustomer.php, line 1: TypeError: document.fbal.txtaccno is undefined
JavaScript error: http://demo.guru99.com/V4/manager/EditCustomer.php, line 1: ReferenceError: validatebal is not defined
JavaScript error: http://demo.guru99.com/V4/manager/editCustomerPage.php, line 1: ReferenceError: validate is not defined
JavaScript error: http://demo.guru99.com/V4/manager/CustomerUpdateMsg.php?cid=22384, line 1: TypeError: document.fbal is undefined
1612275189962	Marionette	INFO	Stopped listening on port 34243
